{"name": "test_collect[小镇姑娘-1]", "status": "broken", "statusDetails": {"message": "selenium.common.exceptions.TimeoutException: Message: \nStacktrace:\nBacktrace:\n\tMicrosoft::Applications::Events::EventProperties::SetName [0x00007FF7A0503C22+11666]\n\tMicrosoft::Applications::Events::EventProperty::to_string [0x00007FF7A01391D3+943811]\n\tMicrosoft::Applications::Events::EventProperty::to_string [0x00007FF7A01746DF+1186767]\n\tMicrosoft::Applications::Events::EventProperty::to_string [0x00007FF7A01A6897+1392007]\n\tMicrosoft::Applications::Events::EventProperty::to_string [0x00007FF7A018F7DB+1297611]\n\tMicrosoft::Applications::Events::EventProperty::to_string [0x00007FF7A01A399D+1379981]\n\tMicrosoft::Applications::Events::EventProperty::to_string [0x00007FF7A018F61F+1297167]\n\tMicrosoft::Applications::Events::EventProperty::to_string [0x00007FF7A016577F+1125487]\n\tMicrosoft::Applications::Events::EventProperty::to_string [0x00007FF7A016688F+1129855]\n\tMicrosoft::Applications::Events::EventProperty::~EventProperty [0x00007FF7A021E9CD+17933]\n\tMicrosoft::Applications::Events::EventProperty::to_string [0x00007FF7A01CDB41+1552433]\n\tMicrosoft::Applications::Events::EventProperty::EventProperty [0x00007FF7A03D1749+2633]\n\tMicrosoft::Applications::Events::EventProperty::to_string [0x00007FF7A01CEBC9+1556665]\n\tMicrosoft::Applications::Events::EventProperties::SetName [0x00007FF7A05044E8+13912]\n\tMicrosoft::Applications::Events::EventProperties::SetName [0x00007FF7A0503F54+12484]\n\tMicrosoft::Applications::Events::EventProperties::SetName [0x00007FF7A0503DA6+12054]\n\tMicrosoft::Applications::Events::EventProperty::EventProperty [0x00007FF7A04A507C+73452]\n\tBaseThreadInitThunk [0x00007FFECCBB7034+20]\n\tRtlUserThreadStart [0x00007FFECE042651+33]", "trace": "self = <test.Test_bilibili object at 0x000002846D553190>, content = '小镇姑娘', num = 1\n\n    @pytest.mark.parametrize(\"content,num\", [\n        ('软件测试', 2),\n        ('中国地质大学', 1),\n        ('周杰伦', 5),\n        ('软件测试', 6),\n        ('高等数学', 1),\n        ('老番茄', 1),\n        ('嘉然今天吃什么', 1),\n        ('华农兄弟', 1),\n        ('Warma', 1),\n        ('小镇姑娘', 1)\n    ])\n    def test_collect(self, content, num):\n        bp = init()\n        search(bp, content)\n        intovideo(bp, num)\n>       a = collect(bp)\n\ntest.py:47: \n_ _ _ _ _ _ _ _ _ _ _ _ _ _ _ _ _ _ _ _ _ _ _ _ _ _ _ _ _ _ _ _ _ _ _ _ _ _ _ _ _ _ _ _ _ _ _ _ _ _ _ _ _ _ _ _ _ _ _ _ _ _ _ _ _ _ _ _ _ _ _ _ _ _ _ _ _ _ _ _\noperate.py:56: in collect\n    bp.click_key((By.XPATH, element['collect_list'][1]))\nbase.py:94: in click_key\n    self.wait(loc)\nbase.py:26: in wait\n    WebDriverWait(self.driver, timeout=30).until(EC.visibility_of_element_located(loc))\n_ _ _ _ _ _ _ _ _ _ _ _ _ _ _ _ _ _ _ _ _ _ _ _ _ _ _ _ _ _ _ _ _ _ _ _ _ _ _ _ _ _ _ _ _ _ _ _ _ _ _ _ _ _ _ _ _ _ _ _ _ _ _ _ _ _ _ _ _ _ _ _ _ _ _ _ _ _ _ _\n\nself = <selenium.webdriver.support.wait.WebDriverWait (session=\"33cf40bc2faae78ad0851ed7cc98e050\")>\nmethod = <function visibility_of_element_located.<locals>._predicate at 0x000002846D58E280>, message = ''\n\n    def until(self, method, message=''):\n        \"\"\"Calls the method provided with the driver as an argument until the \\\n        return value does not evaluate to ``False``.\n    \n        :param method: callable(WebDriver)\n        :param message: optional message for :exc:`TimeoutException`\n        :returns: the result of the last call to `method`\n        :raises: :exc:`selenium.common.exceptions.TimeoutException` if timeout occurs\n        \"\"\"\n        screen = None\n        stacktrace = None\n    \n        end_time = time.time() + self._timeout\n        while True:\n            try:\n                value = method(self._driver)\n                if value:\n                    return value\n            except InvalidSelectorException as e:\n                raise e\n            except self._ignored_exceptions as exc:\n                screen = getattr(exc, 'screen', None)\n                stacktrace = getattr(exc, 'stacktrace', None)\n            time.sleep(self._poll)\n            if time.time() > end_time:\n                break\n>       raise TimeoutException(message, screen, stacktrace)\nE       selenium.common.exceptions.TimeoutException: Message: \nE       Stacktrace:\nE       Backtrace:\nE       \tMicrosoft::Applications::Events::EventProperties::SetName [0x00007FF7A0503C22+11666]\nE       \tMicrosoft::Applications::Events::EventProperty::to_string [0x00007FF7A01391D3+943811]\nE       \tMicrosoft::Applications::Events::EventProperty::to_string [0x00007FF7A01746DF+1186767]\nE       \tMicrosoft::Applications::Events::EventProperty::to_string [0x00007FF7A01A6897+1392007]\nE       \tMicrosoft::Applications::Events::EventProperty::to_string [0x00007FF7A018F7DB+1297611]\nE       \tMicrosoft::Applications::Events::EventProperty::to_string [0x00007FF7A01A399D+1379981]\nE       \tMicrosoft::Applications::Events::EventProperty::to_string [0x00007FF7A018F61F+1297167]\nE       \tMicrosoft::Applications::Events::EventProperty::to_string [0x00007FF7A016577F+1125487]\nE       \tMicrosoft::Applications::Events::EventProperty::to_string [0x00007FF7A016688F+1129855]\nE       \tMicrosoft::Applications::Events::EventProperty::~EventProperty [0x00007FF7A021E9CD+17933]\nE       \tMicrosoft::Applications::Events::EventProperty::to_string [0x00007FF7A01CDB41+1552433]\nE       \tMicrosoft::Applications::Events::EventProperty::EventProperty [0x00007FF7A03D1749+2633]\nE       \tMicrosoft::Applications::Events::EventProperty::to_string [0x00007FF7A01CEBC9+1556665]\nE       \tMicrosoft::Applications::Events::EventProperties::SetName [0x00007FF7A05044E8+13912]\nE       \tMicrosoft::Applications::Events::EventProperties::SetName [0x00007FF7A0503F54+12484]\nE       \tMicrosoft::Applications::Events::EventProperties::SetName [0x00007FF7A0503DA6+12054]\nE       \tMicrosoft::Applications::Events::EventProperty::EventProperty [0x00007FF7A04A507C+73452]\nE       \tBaseThreadInitThunk [0x00007FFECCBB7034+20]\nE       \tRtlUserThreadStart [0x00007FFECE042651+33]\n\nC:\\Python39\\lib\\site-packages\\selenium\\webdriver\\support\\wait.py:89: TimeoutException"}, "parameters": [{"name": "content", "value": "'小镇姑娘'"}, {"name": "num", "value": "1"}], "start": 1635446141406, "stop": 1635446229466, "uuid": "5cef33b1-dbeb-4724-8b61-8d0edddd0d44", "historyId": "0f593be68342adc1d4a099afd445414d", "testCaseId": "6a9808eaa3cbe6ce50142099dc418696", "fullName": "test.Test_bilibili#test_collect", "labels": [{"name": "suite", "value": "test"}, {"name": "subSuite", "value": "Test_bilibili"}, {"name": "host", "value": "LAPTOP-MUB2FSQN"}, {"name": "thread", "value": "8632-MainThread"}, {"name": "framework", "value": "pytest"}, {"name": "language", "value": "cpython3"}, {"name": "package", "value": "test"}]}